# JRE version: OpenJDK Runtime Environment (11.0.2+9) (build 11.0.2+9)
# Java VM: OpenJDK 64-Bit Server VM (11.0.2+9, mixed mode, tiered, compressed oops, g1 gc, bsd-amd64)
Heap:
 garbage-first heap   total 194560K, used 96768K [0x0000000780000000, 0x0000000800000000)
  region size 1024K, 34 young (34816K), 3 survivors (3072K)
 Metaspace       used 62270K, capacity 64117K, committed 64336K, reserved 1105920K
  class space    used 7390K, capacity 8177K, committed 8192K, reserved 1048576K
GC Heap History (10 events):
Event: 9.350 GC heap before
{Heap before GC invocations=11 (full 0):
 garbage-first heap   total 157696K, used 114317K [0x0000000780000000, 0x0000000800000000)
  region size 1024K, 83 young (84992K), 6 survivors (6144K)
 Metaspace       used 38184K, capacity 39234K, committed 39600K, reserved 1085440K
  class space    used 4087K, capacity 4481K, committed 4608K, reserved 1048576K
}
Event: 9.361 GC heap after
{Heap after GC invocations=12 (full 0):
 garbage-first heap   total 194560K, used 37476K [0x0000000780000000, 0x0000000800000000)
  region size 1024K, 7 young (7168K), 7 survivors (7168K)
 Metaspace       used 38184K, capacity 39234K, committed 39600K, reserved 1085440K
  class space    used 4087K, capacity 4481K, committed 4608K, reserved 1048576K
}
Event: 13.800 GC heap before
{Heap before GC invocations=12 (full 0):
 garbage-first heap   total 194560K, used 127588K [0x0000000780000000, 0x0000000800000000)
  region size 1024K, 95 young (97280K), 7 survivors (7168K)
 Metaspace       used 38185K, capacity 39234K, committed 39600K, reserved 1085440K
  class space    used 4087K, capacity 4481K, committed 4608K, reserved 1048576K
}
Event: 13.811 GC heap after
{Heap after GC invocations=13 (full 0):
 garbage-first heap   total 194560K, used 39573K [0x0000000780000000, 0x0000000800000000)
  region size 1024K, 4 young (4096K), 4 survivors (4096K)
 Metaspace       used 38185K, capacity 39234K, committed 39600K, reserved 1085440K
  class space    used 4087K, capacity 4481K, committed 4608K, reserved 1048576K
}
Event: 14.489 GC heap before
{Heap before GC invocations=13 (full 0):
 garbage-first heap   total 194560K, used 144021K [0x0000000780000000, 0x0000000800000000)
  region size 1024K, 106 young (108544K), 4 survivors (4096K)
 Metaspace       used 38196K, capacity 39298K, committed 39600K, reserved 1085440K
  class space    used 4087K, capacity 4481K, committed 4608K, reserved 1048576K
}
Event: 14.495 GC heap after
{Heap after GC invocations=14 (full 0):
 garbage-first heap   total 194560K, used 41513K [0x0000000780000000, 0x0000000800000000)
  region size 1024K, 6 young (6144K), 6 survivors (6144K)
 Metaspace       used 38196K, capacity 39298K, committed 39600K, reserved 1085440K
  class space    used 4087K, capacity 4481K, committed 4608K, reserved 1048576K
}
Event: 18.140 GC heap before
{Heap before GC invocations=14 (full 0):
 garbage-first heap   total 194560K, used 165417K [0x0000000780000000, 0x0000000800000000)
  region size 1024K, 111 young (113664K), 6 survivors (6144K)
 Metaspace       used 54955K, capacity 56403K, committed 56624K, reserved 1099776K
  class space    used 6400K, capacity 7018K, committed 7040K, reserved 1048576K
}
Event: 18.154 GC heap after
{Heap after GC invocations=15 (full 0):
 garbage-first heap   total 194560K, used 66308K [0x0000000780000000, 0x0000000800000000)
  region size 1024K, 14 young (14336K), 14 survivors (14336K)
 Metaspace       used 54955K, capacity 56403K, committed 56624K, reserved 1099776K
  class space    used 6400K, capacity 7018K, committed 7040K, reserved 1048576K
}
Event: 18.663 GC heap before
{Heap before GC invocations=15 (full 0):
 garbage-first heap   total 194560K, used 84740K [0x0000000780000000, 0x0000000800000000)
  region size 1024K, 28 young (28672K), 14 survivors (14336K)
 Metaspace       used 58545K, capacity 60149K, committed 60336K, reserved 1101824K
  class space    used 6876K, capacity 7565K, committed 7680K, reserved 1048576K
}
Event: 18.682 GC heap after
{Heap after GC invocations=16 (full 0):
 garbage-first heap   total 194560K, used 68821K [0x0000000780000000, 0x0000000800000000)
  region size 1024K, 3 young (3072K), 3 survivors (3072K)
 Metaspace       used 58545K, capacity 60149K, committed 60336K, reserved 1101824K
  class space    used 6876K, capacity 7565K, committed 7680K, reserved 1048576K
}

