# JRE version: OpenJDK Runtime Environment (11.0.2+9) (build 11.0.2+9)
# Java VM: OpenJDK 64-Bit Server VM (11.0.2+9, mixed mode, tiered, compressed oops, g1 gc, bsd-amd64)
Heap:
 garbage-first heap   total 208896K, used 91591K [0x0000000780000000, 0x0000000800000000)
  region size 1024K, 41 young (41984K), 10 survivors (10240K)
 Metaspace       used 62229K, capacity 64019K, committed 64388K, reserved 1105920K
  class space    used 7388K, capacity 8143K, committed 8268K, reserved 1048576K
GC Heap History (10 events):
Event: 7.932 GC heap before
{Heap before GC invocations=10 (full 0):
 garbage-first heap   total 157696K, used 112786K [0x0000000780000000, 0x0000000800000000)
  region size 1024K, 86 young (88064K), 7 survivors (7168K)
 Metaspace       used 38114K, capacity 39139K, committed 39452K, reserved 1085440K
  class space    used 4081K, capacity 4448K, committed 4556K, reserved 1048576K
}
Event: 7.962 GC heap after
{Heap after GC invocations=11 (full 0):
 garbage-first heap   total 208896K, used 35824K [0x0000000780000000, 0x0000000800000000)
  region size 1024K, 6 young (6144K), 6 survivors (6144K)
 Metaspace       used 38114K, capacity 39139K, committed 39452K, reserved 1085440K
  class space    used 4081K, capacity 4448K, committed 4556K, reserved 1048576K
}
Event: 9.244 GC heap before
{Heap before GC invocations=11 (full 0):
 garbage-first heap   total 208896K, used 133104K [0x0000000780000000, 0x0000000800000000)
  region size 1024K, 101 young (103424K), 6 survivors (6144K)
 Metaspace       used 38131K, capacity 39139K, committed 39452K, reserved 1085440K
  class space    used 4083K, capacity 4448K, committed 4556K, reserved 1048576K
}
Event: 9.254 GC heap after
{Heap after GC invocations=12 (full 0):
 garbage-first heap   total 208896K, used 37872K [0x0000000780000000, 0x0000000800000000)
  region size 1024K, 8 young (8192K), 8 survivors (8192K)
 Metaspace       used 38131K, capacity 39139K, committed 39452K, reserved 1085440K
  class space    used 4083K, capacity 4448K, committed 4556K, reserved 1048576K
}
Event: 13.533 GC heap before
{Heap before GC invocations=12 (full 0):
 garbage-first heap   total 208896K, used 144368K [0x0000000780000000, 0x0000000800000000)
  region size 1024K, 112 young (114688K), 8 survivors (8192K)
 Metaspace       used 38132K, capacity 39139K, committed 39452K, reserved 1085440K
  class space    used 4083K, capacity 4448K, committed 4556K, reserved 1048576K
}
Event: 13.545 GC heap after
{Heap after GC invocations=13 (full 0):
 garbage-first heap   total 208896K, used 39743K [0x0000000780000000, 0x0000000800000000)
  region size 1024K, 9 young (9216K), 9 survivors (9216K)
 Metaspace       used 38132K, capacity 39139K, committed 39452K, reserved 1085440K
  class space    used 4083K, capacity 4448K, committed 4556K, reserved 1048576K
}
Event: 14.466 GC heap before
{Heap before GC invocations=13 (full 0):
 garbage-first heap   total 208896K, used 151359K [0x0000000780000000, 0x0000000800000000)
  region size 1024K, 118 young (120832K), 9 survivors (9216K)
 Metaspace       used 39072K, capacity 40116K, committed 40348K, reserved 1085440K
  class space    used 4178K, capacity 4566K, committed 4684K, reserved 1048576K
}
Event: 14.475 GC heap after
{Heap after GC invocations=14 (full 0):
 garbage-first heap   total 208896K, used 37319K [0x0000000780000000, 0x0000000800000000)
  region size 1024K, 2 young (2048K), 2 survivors (2048K)
 Metaspace       used 39072K, capacity 40116K, committed 40348K, reserved 1085440K
  class space    used 4178K, capacity 4566K, committed 4684K, reserved 1048576K
}
Event: 18.400 GC heap before
{Heap before GC invocations=14 (full 0):
 garbage-first heap   total 208896K, used 137671K [0x0000000780000000, 0x0000000800000000)
  region size 1024K, 80 young (81920K), 2 survivors (2048K)
 Metaspace       used 58650K, capacity 60244K, committed 60420K, reserved 1101824K
  class space    used 6895K, capacity 7551K, committed 7628K, reserved 1048576K
}
Event: 18.415 GC heap after
{Heap after GC invocations=15 (full 0):
 garbage-first heap   total 208896K, used 61895K [0x0000000780000000, 0x0000000800000000)
  region size 1024K, 10 young (10240K), 10 survivors (10240K)
 Metaspace       used 58650K, capacity 60244K, committed 60420K, reserved 1101824K
  class space    used 6895K, capacity 7551K, committed 7628K, reserved 1048576K
}

